2025-01-07 08:12:51,302 - INFO - Processed 40 events from York University
2025-01-07 08:12:55,520 - WARNING - No processor found for Canadian Heritage
2025-01-07 08:12:55,551 - WARNING - No processor found for Ontario Government
2025-01-07 08:12:57,837 - WARNING - No processor found for Interfaith Calendar
2025-01-07 08:12:58,976 - WARNING - No processor found for Xavier University
2025-01-07 08:12:58,981 - INFO - Updated date for Ash Wednesday: 2025-03-05 00:00:00
2025-01-07 08:12:58,983 - WARNING - No update needed for Nowruz New Year
2025-01-07 08:12:58,986 - WARNING - No update needed for Vaisakhi *
2025-01-07 08:12:58,988 - INFO - Updated date for Good Friday: 2025-04-18 00:00:00
2025-01-07 08:12:58,990 - WARNING - No update needed for Easter Sunday
2025-01-07 08:12:58,992 - WARNING - No update needed for Holy Friday
2025-01-07 08:12:58,993 - INFO - Updated date for Easter: 2025-05-05 00:00:00
2025-01-07 08:12:58,994 - WARNING - No update needed for Vesak / Wesak *
2025-01-07 08:12:58,994 - WARNING - No update needed for Declaration of the Báb
2025-01-07 08:12:58,995 - WARNING - No update needed for Ascension of the Bahá'u'lláh
2025-01-07 08:12:58,995 - WARNING - No update needed for Hajj Pilgrimage *
2025-01-07 08:12:58,996 - WARNING - No update needed for Ashura *
2025-01-07 08:12:58,997 - WARNING - No update needed for Martyrdom of the Báb
2025-01-07 08:12:58,997 - INFO - Date update completed successfully!
2025-01-07 08:12:58,999 - INFO - Database connection closed
2025-01-07 08:16:17,810 - ERROR - Error during execution: 'DateScraper' object has no attribute 'fetch_page'
2025-01-07 08:16:17,811 - INFO - Database connection closed
2025-01-07 08:16:31,716 - ERROR - Error during execution: 'DateScraper' object has no attribute 'fetch_page'
2025-01-07 08:16:31,717 - INFO - Database connection closed
2025-01-07 08:17:07,775 - WARNING - No processor found for Interfaith Observer
2025-01-07 08:17:10,851 - WARNING - No processor found for Ontario Government
2025-01-07 08:17:12,163 - WARNING - No processor found for Interfaith Calendar
2025-01-07 08:17:12,187 - INFO - Updated 3 events
2025-01-07 08:17:12,188 - INFO - Date update completed successfully!
2025-01-07 08:17:12,188 - INFO - Database connection closed
2025-01-07 08:28:53,686 - ERROR - Failed to fetch https://www.theinterfaithobserver.org/religious-calendar: Status 403
2025-01-07 08:28:54,978 - ERROR - Failed to fetch https://www.theinterfaithobserver.org/religious-calendar: Status 403
2025-01-07 08:28:57,262 - ERROR - Failed to fetch https://www.theinterfaithobserver.org/religious-calendar: Status 403
2025-01-07 08:29:00,331 - WARNING - No processor found for Canadian Heritage
2025-01-07 08:29:01,495 - WARNING - No processor found for Interfaith Calendar
2025-01-07 08:29:01,508 - INFO - Updated 5 events
2025-01-07 08:29:01,508 - INFO - Date update completed successfully!
2025-01-07 08:29:01,509 - INFO - Database connection closed
