2025-01-10 11:18:33,993 - DEBUG - {"topologyId": {"$oid": "67814859ffc0f9ca5a913a81"}, "message": "Starting topology monitoring"}
2025-01-10 11:18:33,994 - DEBUG - {"topologyId": {"$oid": "67814859ffc0f9ca5a913a81"}, "previousDescription": "<TopologyDescription id: 67814859ffc0f9ca5a913a81, topology_type: Unknown, servers: []>", "newDescription": "<TopologyDescription id: 67814859ffc0f9ca5a913a81, topology_type: Unknown, servers: [<ServerDescription ('localhost', 27017) server_type: Unknown, rtt: None>]>", "message": "Topology description changed"}
2025-01-10 11:18:33,994 - DEBUG - {"topologyId": {"$oid": "67814859ffc0f9ca5a913a81"}, "serverHost": "localhost", "serverPort": 27017, "message": "Starting server monitoring"}
2025-01-10 11:18:33,994 - DEBUG - {"clientId": {"$oid": "67814859ffc0f9ca5a913a81"}, "message": "Connection pool created", "serverHost": "localhost", "serverPort": 27017}
2025-01-10 11:18:33,995 - INFO - Connected to MongoDB.
2025-01-10 11:18:33,995 - INFO - Starting date update process...
2025-01-10 11:18:33,995 - INFO - 
Fetching events missing dates...
2025-01-10 11:18:33,996 - DEBUG - {"message": "Server selection started", "selector": "Primary()", "operation": "find", "topologyDescription": "<TopologyDescription id: 67814859ffc0f9ca5a913a81, topology_type: Unknown, servers: [<ServerDescription ('localhost', 27017) server_type: Unknown, rtt: None>]>", "clientId": {"$oid": "67814859ffc0f9ca5a913a81"}}
2025-01-10 11:18:33,996 - DEBUG - {"message": "Waiting for suitable server to become available", "selector": "Primary()", "operation": "find", "topologyDescription": "<TopologyDescription id: 67814859ffc0f9ca5a913a81, topology_type: Unknown, servers: [<ServerDescription ('localhost', 27017) server_type: Unknown, rtt: None>]>", "clientId": {"$oid": "67814859ffc0f9ca5a913a81"}, "remainingTimeMS": 30}
2025-01-10 11:18:34,012 - DEBUG - {"topologyId": {"$oid": "67814859ffc0f9ca5a913a81"}, "driverConnectionId": 1, "serverHost": "localhost", "serverPort": 27017, "awaited": false, "message": "Server heartbeat started"}
2025-01-10 11:18:34,012 - DEBUG - {"topologyId": {"$oid": "67814859ffc0f9ca5a913a81"}, "driverConnectionId": 1, "serverConnectionId": 244, "serverHost": "localhost", "serverPort": 27017, "awaited": false, "durationMS": 0.0, "reply": "{\"helloOk\": true, \"ismaster\": true, \"topologyVersion\": {\"processId\": {\"$oid\": \"678019cbc52b798a62420730\"}}, \"maxBsonObjectSize\": 16777216, \"maxMessageSizeBytes\": 48000000, \"maxWriteBatchSize\": 100000, \"localTime\": {\"$date\": \"2025-01-10T16:18:34.012Z\"}, \"logicalSessionTimeoutMinutes\": 30, \"connectionId\": 244, \"maxWireVersion\": 25, \"ok\": 1.0}", "message": "Server heartbeat succeeded"}
2025-01-10 11:18:34,013 - DEBUG - {"clientId": {"$oid": "67814859ffc0f9ca5a913a81"}, "message": "Connection pool ready", "serverHost": "localhost", "serverPort": 27017}
2025-01-10 11:18:34,013 - DEBUG - {"topologyId": {"$oid": "67814859ffc0f9ca5a913a81"}, "previousDescription": "<TopologyDescription id: 67814859ffc0f9ca5a913a81, topology_type: Unknown, servers: [<ServerDescription ('localhost', 27017) server_type: Unknown, rtt: None>]>", "newDescription": "<TopologyDescription id: 67814859ffc0f9ca5a913a81, topology_type: Single, servers: [<ServerDescription ('localhost', 27017) server_type: Standalone, rtt: 0.0>]>", "message": "Topology description changed"}
2025-01-10 11:18:34,013 - DEBUG - {"message": "Server selection succeeded", "selector": "Primary()", "operation": "find", "topologyDescription": "<TopologyDescription id: 67814859ffc0f9ca5a913a81, topology_type: Single, servers: [<ServerDescription ('localhost', 27017) server_type: Standalone, rtt: 0.0>]>", "clientId": {"$oid": "67814859ffc0f9ca5a913a81"}, "serverHost": "localhost", "serverPort": 27017}
2025-01-10 11:18:34,013 - DEBUG - {"topologyId": {"$oid": "67814859ffc0f9ca5a913a81"}, "driverConnectionId": 1, "serverConnectionId": 244, "serverHost": "localhost", "serverPort": 27017, "awaited": true, "message": "Server heartbeat started"}
2025-01-10 11:18:34,013 - DEBUG - {"clientId": {"$oid": "67814859ffc0f9ca5a913a81"}, "message": "Connection checkout started", "serverHost": "localhost", "serverPort": 27017}
2025-01-10 11:18:34,014 - DEBUG - {"clientId": {"$oid": "67814859ffc0f9ca5a913a81"}, "message": "Connection created", "serverHost": "localhost", "serverPort": 27017, "driverConnectionId": 1}
2025-01-10 11:18:34,027 - DEBUG - {"clientId": {"$oid": "67814859ffc0f9ca5a913a81"}, "message": "Connection ready", "serverHost": "localhost", "serverPort": 27017, "driverConnectionId": 1, "durationMS": 0.0}
2025-01-10 11:18:34,027 - DEBUG - {"clientId": {"$oid": "67814859ffc0f9ca5a913a81"}, "message": "Connection checked out", "serverHost": "localhost", "serverPort": 27017, "driverConnectionId": 1, "durationMS": 0.01600000000325963}
2025-01-10 11:18:34,027 - DEBUG - {"clientId": {"$oid": "67814859ffc0f9ca5a913a81"}, "message": "Command started", "command": "{\"find\": \"events\", \"lsid\": {\"id\": {\"$binary\": {\"base64\": \"otjNc4e/QIuBx3XZfuxkuw==\", \"subType\": \"04\"}}}, \"$db\": \"events_db\"}", "commandName": "find", "databaseName": "events_db", "requestId": 18467, "operationId": 18467, "driverConnectionId": 1, "serverConnectionId": 246, "serverHost": "localhost", "serverPort": 27017}
2025-01-10 11:18:34,028 - DEBUG - {"clientId": {"$oid": "67814859ffc0f9ca5a913a81"}, "message": "Command succeeded", "durationMS": 0.995, "reply": "{\"cursor\": {\"firstBatch\": [{\"_id\": {\"$oid\": \"67812033c52b798a62420d20\"}, \"name\": \"Asalha Puja\", \"category\": \"Buddhism\", \"created_at\": {\"$date\": \"2025-01-10T13:27:15.187Z\"}, \"image_url\": \"/images/asalha_puja.jpg\", \"last_updated\": {\"$date\": \"2025-01-10T13:27:15.187Z\"}}, {\"_id\": {\"$oid\": \"67812033c52b798a62420d23\"}, \"name\": \"Festival of Ksitigarbha (Jizo) Bodhisattva\", \"category\": \"Buddhism\", \"created_at\": {\"$date\": \"2025-01-10T13:27:15.188Z\"}, \"image_url\": \"/images/festival_of_ksitigarbha_(jizo)_bodhisattva.jpg\", \"last_updated\": {\"$date\": \"2025-01-10T13:27:15.188Z\"}}, {\"_id\": {\"$oid\": \"67812033c52b798a62420d24\"}, \"name\": \"Full Moon Days\", \"alternate_names\": [\"Uposatha\", \"Observance Days\", \"full moon days\", \"full moon\"], \"category\": \"Buddhism\", \"created_at\": {\"$date\": \"2025-01-10T13:27:15.188Z\"}, \"image_url\": \"/images/full_moon_days.jpg\", \"last_updated\": {\"$date\": \"2025-01-10T13:27:15.188Z\"}}, {\"_id\": {\"$oid\": \"67812033c52b798a62420d25\"}, \"name\": \"Magha Puja\", \"category\": \"Buddhism\", \"cre...", "commandName": "find", "databaseName": "events_db", "requestId": 18467, "operationId": 18467, "driverConnectionId": 1, "serverConnectionId": 246, "serverHost": "localhost", "serverPort": 27017}
2025-01-10 11:18:34,028 - DEBUG - {"clientId": {"$oid": "67814859ffc0f9ca5a913a81"}, "message": "Connection checked in", "serverHost": "localhost", "serverPort": 27017, "driverConnectionId": 1}
2025-01-10 11:18:34,029 - INFO - Found 46 events missing dates.
2025-01-10 11:18:34,029 - INFO - ====== WebDriver manager ======
2025-01-10 11:18:34,441 - INFO - Get LATEST chromedriver version for google-chrome
2025-01-10 11:18:34,442 - DEBUG - Starting new HTTPS connection (1): googlechromelabs.github.io:443
2025-01-10 11:18:34,463 - DEBUG - https://googlechromelabs.github.io:443 "GET /chrome-for-testing/latest-patch-versions-per-build.json HTTP/11" 200 9121
2025-01-10 11:18:34,464 - INFO - Get LATEST chromedriver version for google-chrome
2025-01-10 11:18:34,465 - DEBUG - Starting new HTTPS connection (1): googlechromelabs.github.io:443
2025-01-10 11:18:34,482 - DEBUG - https://googlechromelabs.github.io:443 "GET /chrome-for-testing/latest-patch-versions-per-build.json HTTP/11" 200 9121
2025-01-10 11:18:34,483 - INFO - There is no [win64] chromedriver "131.0.6778.264" for browser google-chrome "131.0.6778" in cache
2025-01-10 11:18:34,484 - INFO - Get LATEST chromedriver version for google-chrome
2025-01-10 11:18:34,484 - DEBUG - Starting new HTTPS connection (1): googlechromelabs.github.io:443
2025-01-10 11:18:34,501 - DEBUG - https://googlechromelabs.github.io:443 "GET /chrome-for-testing/latest-patch-versions-per-build.json HTTP/11" 200 9121
2025-01-10 11:18:34,503 - DEBUG - Starting new HTTPS connection (1): googlechromelabs.github.io:443
2025-01-10 11:18:34,523 - DEBUG - https://googlechromelabs.github.io:443 "GET /chrome-for-testing/known-good-versions-with-downloads.json HTTP/11" 200 73592
2025-01-10 11:18:34,539 - INFO - WebDriver version 131.0.6778.264 selected
2025-01-10 11:18:34,540 - INFO - Modern chrome version https://storage.googleapis.com/chrome-for-testing-public/131.0.6778.264/win32/chromedriver-win32.zip
2025-01-10 11:18:34,540 - INFO - About to download new driver from https://storage.googleapis.com/chrome-for-testing-public/131.0.6778.264/win32/chromedriver-win32.zip
2025-01-10 11:18:34,541 - DEBUG - Starting new HTTPS connection (1): storage.googleapis.com:443
2025-01-10 11:18:34,631 - DEBUG - https://storage.googleapis.com:443 "GET /chrome-for-testing-public/131.0.6778.264/win32/chromedriver-win32.zip HTTP/11" 200 8232778
2025-01-10 11:18:34,631 - INFO - Driver downloading response is 200
2025-01-10 11:18:35,338 - INFO - Get LATEST chromedriver version for google-chrome
2025-01-10 11:18:35,339 - DEBUG - Starting new HTTPS connection (1): googlechromelabs.github.io:443
2025-01-10 11:18:35,358 - DEBUG - https://googlechromelabs.github.io:443 "GET /chrome-for-testing/latest-patch-versions-per-build.json HTTP/11" 200 9121
2025-01-10 11:18:35,541 - INFO - Driver has been saved in cache [C:\Users\Arnav\.wdm\drivers\chromedriver\win64\131.0.6778.264]
2025-01-10 11:18:35,542 - ERROR - 
Error during update process: WebDriver.__init__() got multiple values for argument 'options'
2025-01-10 11:18:35,542 - DEBUG - {"message": "Server selection started", "selector": "PrimaryPreferred(tag_sets=None, max_staleness=-1, hedge=None)", "operation": "endSessions", "topologyDescription": "<TopologyDescription id: 67814859ffc0f9ca5a913a81, topology_type: Single, servers: [<ServerDescription ('localhost', 27017) server_type: Standalone, rtt: 0.0>]>", "clientId": {"$oid": "67814859ffc0f9ca5a913a81"}}
2025-01-10 11:18:35,543 - DEBUG - {"message": "Server selection succeeded", "selector": "PrimaryPreferred(tag_sets=None, max_staleness=-1, hedge=None)", "operation": "endSessions", "topologyDescription": "<TopologyDescription id: 67814859ffc0f9ca5a913a81, topology_type: Single, servers: [<ServerDescription ('localhost', 27017) server_type: Standalone, rtt: 0.0>]>", "clientId": {"$oid": "67814859ffc0f9ca5a913a81"}, "serverHost": "localhost", "serverPort": 27017}
2025-01-10 11:18:35,543 - DEBUG - {"clientId": {"$oid": "67814859ffc0f9ca5a913a81"}, "message": "Connection checkout started", "serverHost": "localhost", "serverPort": 27017}
2025-01-10 11:18:35,543 - DEBUG - {"clientId": {"$oid": "67814859ffc0f9ca5a913a81"}, "message": "Connection checked out", "serverHost": "localhost", "serverPort": 27017, "driverConnectionId": 1, "durationMS": 0.0}
2025-01-10 11:18:35,543 - DEBUG - {"clientId": {"$oid": "67814859ffc0f9ca5a913a81"}, "message": "Command started", "command": "{\"endSessions\": [{\"id\": {\"$binary\": {\"base64\": \"otjNc4e/QIuBx3XZfuxkuw==\", \"subType\": \"04\"}}}], \"$db\": \"admin\"}", "commandName": "endSessions", "databaseName": "admin", "requestId": 6334, "operationId": 6334, "driverConnectionId": 1, "serverConnectionId": 246, "serverHost": "localhost", "serverPort": 27017}
2025-01-10 11:18:35,543 - DEBUG - {"clientId": {"$oid": "67814859ffc0f9ca5a913a81"}, "message": "Command succeeded", "durationMS": 0.0, "reply": "{\"ok\": 1.0}", "commandName": "endSessions", "databaseName": "admin", "requestId": 6334, "operationId": 6334, "driverConnectionId": 1, "serverConnectionId": 246, "serverHost": "localhost", "serverPort": 27017}
2025-01-10 11:18:35,544 - DEBUG - {"clientId": {"$oid": "67814859ffc0f9ca5a913a81"}, "message": "Connection checked in", "serverHost": "localhost", "serverPort": 27017, "driverConnectionId": 1}
2025-01-10 11:18:35,544 - DEBUG - {"topologyId": {"$oid": "67814859ffc0f9ca5a913a81"}, "serverHost": "localhost", "serverPort": 27017, "message": "Stopped server monitoring"}
2025-01-10 11:18:35,544 - DEBUG - {"clientId": {"$oid": "67814859ffc0f9ca5a913a81"}, "message": "Connection closed", "serverHost": "localhost", "serverPort": 27017, "driverConnectionId": 1, "reason": "Connection pool was closed", "error": "poolClosed"}
2025-01-10 11:18:35,544 - DEBUG - {"clientId": {"$oid": "67814859ffc0f9ca5a913a81"}, "message": "Connection pool closed", "serverHost": "localhost", "serverPort": 27017}
2025-01-10 11:18:35,544 - DEBUG - {"topologyId": {"$oid": "67814859ffc0f9ca5a913a81"}, "previousDescription": "<TopologyDescription id: 67814859ffc0f9ca5a913a81, topology_type: Single, servers: [<ServerDescription ('localhost', 27017) server_type: Standalone, rtt: 0.0>]>", "newDescription": "<TopologyDescription id: 67814859ffc0f9ca5a913a81, topology_type: Single, servers: [<ServerDescription ('localhost', 27017) server_type: Unknown, rtt: None>]>", "message": "Topology description changed"}
2025-01-10 11:18:35,544 - DEBUG - {"topologyId": {"$oid": "67814859ffc0f9ca5a913a81"}, "message": "Stopped topology monitoring"}
2025-01-10 11:18:35,544 - INFO - 
Database connection closed.
2025-01-10 11:18:35,545 - DEBUG - {"topologyId": {"$oid": "67814859ffc0f9ca5a913a81"}, "serverHost": "localhost", "serverPort": 27017, "awaited": true, "durationMS": 1531.0000000026776, "failure": "\"_OperationCancelled('operation cancelled')\"", "message": "Server heartbeat failed"}
2025-01-10 11:19:19,964 - DEBUG - {"topologyId": {"$oid": "678148871d8a8ba19d282c55"}, "message": "Starting topology monitoring"}
2025-01-10 11:19:19,965 - DEBUG - {"topologyId": {"$oid": "678148871d8a8ba19d282c55"}, "previousDescription": "<TopologyDescription id: 678148871d8a8ba19d282c55, topology_type: Unknown, servers: []>", "newDescription": "<TopologyDescription id: 678148871d8a8ba19d282c55, topology_type: Unknown, servers: [<ServerDescription ('localhost', 27017) server_type: Unknown, rtt: None>]>", "message": "Topology description changed"}
2025-01-10 11:19:19,965 - DEBUG - {"topologyId": {"$oid": "678148871d8a8ba19d282c55"}, "serverHost": "localhost", "serverPort": 27017, "message": "Starting server monitoring"}
2025-01-10 11:19:19,965 - DEBUG - {"clientId": {"$oid": "678148871d8a8ba19d282c55"}, "message": "Connection pool created", "serverHost": "localhost", "serverPort": 27017}
2025-01-10 11:19:19,966 - INFO - Connected to MongoDB.
2025-01-10 11:19:19,966 - INFO - Starting date update process...
2025-01-10 11:19:19,966 - INFO - 
Fetching events missing dates...
2025-01-10 11:19:19,966 - DEBUG - {"message": "Server selection started", "selector": "Primary()", "operation": "find", "topologyDescription": "<TopologyDescription id: 678148871d8a8ba19d282c55, topology_type: Unknown, servers: [<ServerDescription ('localhost', 27017) server_type: Unknown, rtt: None>]>", "clientId": {"$oid": "678148871d8a8ba19d282c55"}}
2025-01-10 11:19:19,966 - DEBUG - {"message": "Waiting for suitable server to become available", "selector": "Primary()", "operation": "find", "topologyDescription": "<TopologyDescription id: 678148871d8a8ba19d282c55, topology_type: Unknown, servers: [<ServerDescription ('localhost', 27017) server_type: Unknown, rtt: None>]>", "clientId": {"$oid": "678148871d8a8ba19d282c55"}, "remainingTimeMS": 30}
2025-01-10 11:19:19,967 - DEBUG - {"topologyId": {"$oid": "678148871d8a8ba19d282c55"}, "driverConnectionId": 1, "serverHost": "localhost", "serverPort": 27017, "awaited": false, "message": "Server heartbeat started"}
2025-01-10 11:19:19,967 - DEBUG - {"topologyId": {"$oid": "678148871d8a8ba19d282c55"}, "driverConnectionId": 1, "serverConnectionId": 247, "serverHost": "localhost", "serverPort": 27017, "awaited": false, "durationMS": 0.0, "reply": "{\"helloOk\": true, \"ismaster\": true, \"topologyVersion\": {\"processId\": {\"$oid\": \"678019cbc52b798a62420730\"}}, \"maxBsonObjectSize\": 16777216, \"maxMessageSizeBytes\": 48000000, \"maxWriteBatchSize\": 100000, \"localTime\": {\"$date\": \"2025-01-10T16:19:19.967Z\"}, \"logicalSessionTimeoutMinutes\": 30, \"connectionId\": 247, \"maxWireVersion\": 25, \"ok\": 1.0}", "message": "Server heartbeat succeeded"}
2025-01-10 11:19:19,968 - DEBUG - {"clientId": {"$oid": "678148871d8a8ba19d282c55"}, "message": "Connection pool ready", "serverHost": "localhost", "serverPort": 27017}
2025-01-10 11:19:19,968 - DEBUG - {"topologyId": {"$oid": "678148871d8a8ba19d282c55"}, "previousDescription": "<TopologyDescription id: 678148871d8a8ba19d282c55, topology_type: Unknown, servers: [<ServerDescription ('localhost', 27017) server_type: Unknown, rtt: None>]>", "newDescription": "<TopologyDescription id: 678148871d8a8ba19d282c55, topology_type: Single, servers: [<ServerDescription ('localhost', 27017) server_type: Standalone, rtt: 0.0>]>", "message": "Topology description changed"}
2025-01-10 11:19:19,968 - DEBUG - {"message": "Server selection succeeded", "selector": "Primary()", "operation": "find", "topologyDescription": "<TopologyDescription id: 678148871d8a8ba19d282c55, topology_type: Single, servers: [<ServerDescription ('localhost', 27017) server_type: Standalone, rtt: 0.0>]>", "clientId": {"$oid": "678148871d8a8ba19d282c55"}, "serverHost": "localhost", "serverPort": 27017}
2025-01-10 11:19:19,968 - DEBUG - {"topologyId": {"$oid": "678148871d8a8ba19d282c55"}, "driverConnectionId": 1, "serverConnectionId": 247, "serverHost": "localhost", "serverPort": 27017, "awaited": true, "message": "Server heartbeat started"}
2025-01-10 11:19:19,969 - DEBUG - {"clientId": {"$oid": "678148871d8a8ba19d282c55"}, "message": "Connection checkout started", "serverHost": "localhost", "serverPort": 27017}
2025-01-10 11:19:19,969 - DEBUG - {"clientId": {"$oid": "678148871d8a8ba19d282c55"}, "message": "Connection created", "serverHost": "localhost", "serverPort": 27017, "driverConnectionId": 1}
2025-01-10 11:19:19,986 - DEBUG - {"clientId": {"$oid": "678148871d8a8ba19d282c55"}, "message": "Connection ready", "serverHost": "localhost", "serverPort": 27017, "driverConnectionId": 1, "durationMS": 0.0}
2025-01-10 11:19:19,986 - DEBUG - {"clientId": {"$oid": "678148871d8a8ba19d282c55"}, "message": "Connection checked out", "serverHost": "localhost", "serverPort": 27017, "driverConnectionId": 1, "durationMS": 0.01600000000325963}
2025-01-10 11:19:19,987 - DEBUG - {"clientId": {"$oid": "678148871d8a8ba19d282c55"}, "message": "Command started", "command": "{\"find\": \"events\", \"lsid\": {\"id\": {\"$binary\": {\"base64\": \"DJ40Fsw2Qo2twV8Q0n5OxQ==\", \"subType\": \"04\"}}}, \"$db\": \"events_db\"}", "commandName": "find", "databaseName": "events_db", "requestId": 18467, "operationId": 18467, "driverConnectionId": 1, "serverConnectionId": 249, "serverHost": "localhost", "serverPort": 27017}
2025-01-10 11:19:19,987 - DEBUG - {"clientId": {"$oid": "678148871d8a8ba19d282c55"}, "message": "Command succeeded", "durationMS": 0.993, "reply": "{\"cursor\": {\"firstBatch\": [{\"_id\": {\"$oid\": \"67812033c52b798a62420d20\"}, \"name\": \"Asalha Puja\", \"category\": \"Buddhism\", \"created_at\": {\"$date\": \"2025-01-10T13:27:15.187Z\"}, \"image_url\": \"/images/asalha_puja.jpg\", \"last_updated\": {\"$date\": \"2025-01-10T13:27:15.187Z\"}}, {\"_id\": {\"$oid\": \"67812033c52b798a62420d23\"}, \"name\": \"Festival of Ksitigarbha (Jizo) Bodhisattva\", \"category\": \"Buddhism\", \"created_at\": {\"$date\": \"2025-01-10T13:27:15.188Z\"}, \"image_url\": \"/images/festival_of_ksitigarbha_(jizo)_bodhisattva.jpg\", \"last_updated\": {\"$date\": \"2025-01-10T13:27:15.188Z\"}}, {\"_id\": {\"$oid\": \"67812033c52b798a62420d24\"}, \"name\": \"Full Moon Days\", \"alternate_names\": [\"Uposatha\", \"Observance Days\", \"full moon days\", \"full moon\"], \"category\": \"Buddhism\", \"created_at\": {\"$date\": \"2025-01-10T13:27:15.188Z\"}, \"image_url\": \"/images/full_moon_days.jpg\", \"last_updated\": {\"$date\": \"2025-01-10T13:27:15.188Z\"}}, {\"_id\": {\"$oid\": \"67812033c52b798a62420d25\"}, \"name\": \"Magha Puja\", \"category\": \"Buddhism\", \"cre...", "commandName": "find", "databaseName": "events_db", "requestId": 18467, "operationId": 18467, "driverConnectionId": 1, "serverConnectionId": 249, "serverHost": "localhost", "serverPort": 27017}
2025-01-10 11:19:19,988 - DEBUG - {"clientId": {"$oid": "678148871d8a8ba19d282c55"}, "message": "Connection checked in", "serverHost": "localhost", "serverPort": 27017, "driverConnectionId": 1}
2025-01-10 11:19:19,988 - INFO - Found 46 events missing dates.
2025-01-10 11:19:19,989 - INFO - ====== WebDriver manager ======
2025-01-10 11:19:20,377 - INFO - Get LATEST chromedriver version for google-chrome
2025-01-10 11:19:20,378 - DEBUG - Starting new HTTPS connection (1): googlechromelabs.github.io:443
2025-01-10 11:19:20,397 - DEBUG - https://googlechromelabs.github.io:443 "GET /chrome-for-testing/latest-patch-versions-per-build.json HTTP/11" 200 9121
2025-01-10 11:19:20,403 - INFO - Get LATEST chromedriver version for google-chrome
2025-01-10 11:19:20,403 - DEBUG - Starting new HTTPS connection (1): googlechromelabs.github.io:443
2025-01-10 11:19:20,422 - DEBUG - https://googlechromelabs.github.io:443 "GET /chrome-for-testing/latest-patch-versions-per-build.json HTTP/11" 200 9121
2025-01-10 11:19:20,427 - INFO - Driver [C:\Users\Arnav\.wdm\drivers\chromedriver\win64\131.0.6778.264\chromedriver-win32/chromedriver.exe] found in cache
2025-01-10 11:19:20,427 - ERROR - 
Error during update process: WebDriver.__init__() got multiple values for argument 'options'
2025-01-10 11:19:20,427 - DEBUG - {"message": "Server selection started", "selector": "PrimaryPreferred(tag_sets=None, max_staleness=-1, hedge=None)", "operation": "endSessions", "topologyDescription": "<TopologyDescription id: 678148871d8a8ba19d282c55, topology_type: Single, servers: [<ServerDescription ('localhost', 27017) server_type: Standalone, rtt: 0.0>]>", "clientId": {"$oid": "678148871d8a8ba19d282c55"}}
2025-01-10 11:19:20,427 - DEBUG - {"message": "Server selection succeeded", "selector": "PrimaryPreferred(tag_sets=None, max_staleness=-1, hedge=None)", "operation": "endSessions", "topologyDescription": "<TopologyDescription id: 678148871d8a8ba19d282c55, topology_type: Single, servers: [<ServerDescription ('localhost', 27017) server_type: Standalone, rtt: 0.0>]>", "clientId": {"$oid": "678148871d8a8ba19d282c55"}, "serverHost": "localhost", "serverPort": 27017}
2025-01-10 11:19:20,428 - DEBUG - {"clientId": {"$oid": "678148871d8a8ba19d282c55"}, "message": "Connection checkout started", "serverHost": "localhost", "serverPort": 27017}
2025-01-10 11:19:20,428 - DEBUG - {"clientId": {"$oid": "678148871d8a8ba19d282c55"}, "message": "Connection checked out", "serverHost": "localhost", "serverPort": 27017, "driverConnectionId": 1, "durationMS": 0.0}
2025-01-10 11:19:20,428 - DEBUG - {"clientId": {"$oid": "678148871d8a8ba19d282c55"}, "message": "Command started", "command": "{\"endSessions\": [{\"id\": {\"$binary\": {\"base64\": \"DJ40Fsw2Qo2twV8Q0n5OxQ==\", \"subType\": \"04\"}}}], \"$db\": \"admin\"}", "commandName": "endSessions", "databaseName": "admin", "requestId": 6334, "operationId": 6334, "driverConnectionId": 1, "serverConnectionId": 249, "serverHost": "localhost", "serverPort": 27017}
2025-01-10 11:19:20,428 - DEBUG - {"clientId": {"$oid": "678148871d8a8ba19d282c55"}, "message": "Command succeeded", "durationMS": 0.0, "reply": "{\"ok\": 1.0}", "commandName": "endSessions", "databaseName": "admin", "requestId": 6334, "operationId": 6334, "driverConnectionId": 1, "serverConnectionId": 249, "serverHost": "localhost", "serverPort": 27017}
2025-01-10 11:19:20,429 - DEBUG - {"clientId": {"$oid": "678148871d8a8ba19d282c55"}, "message": "Connection checked in", "serverHost": "localhost", "serverPort": 27017, "driverConnectionId": 1}
2025-01-10 11:19:20,429 - DEBUG - {"topologyId": {"$oid": "678148871d8a8ba19d282c55"}, "serverHost": "localhost", "serverPort": 27017, "message": "Stopped server monitoring"}
2025-01-10 11:19:20,429 - DEBUG - {"clientId": {"$oid": "678148871d8a8ba19d282c55"}, "message": "Connection closed", "serverHost": "localhost", "serverPort": 27017, "driverConnectionId": 1, "reason": "Connection pool was closed", "error": "poolClosed"}
2025-01-10 11:19:20,429 - DEBUG - {"clientId": {"$oid": "678148871d8a8ba19d282c55"}, "message": "Connection pool closed", "serverHost": "localhost", "serverPort": 27017}
2025-01-10 11:19:20,429 - DEBUG - {"topologyId": {"$oid": "678148871d8a8ba19d282c55"}, "previousDescription": "<TopologyDescription id: 678148871d8a8ba19d282c55, topology_type: Single, servers: [<ServerDescription ('localhost', 27017) server_type: Standalone, rtt: 0.0>]>", "newDescription": "<TopologyDescription id: 678148871d8a8ba19d282c55, topology_type: Single, servers: [<ServerDescription ('localhost', 27017) server_type: Unknown, rtt: None>]>", "message": "Topology description changed"}
2025-01-10 11:19:20,429 - DEBUG - {"topologyId": {"$oid": "678148871d8a8ba19d282c55"}, "message": "Stopped topology monitoring"}
2025-01-10 11:19:20,429 - INFO - 
Database connection closed.
2025-01-10 11:19:20,479 - DEBUG - {"topologyId": {"$oid": "678148871d8a8ba19d282c55"}, "serverHost": "localhost", "serverPort": 27017, "awaited": true, "durationMS": 516.0000000032596, "failure": "\"_OperationCancelled('operation cancelled')\"", "message": "Server heartbeat failed"}
2025-01-10 11:23:47,298 - DEBUG - {"topologyId": {"$oid": "678149935cbe9cdc0fc79b72"}, "message": "Starting topology monitoring"}
2025-01-10 11:23:47,299 - DEBUG - {"topologyId": {"$oid": "678149935cbe9cdc0fc79b72"}, "previousDescription": "<TopologyDescription id: 678149935cbe9cdc0fc79b72, topology_type: Unknown, servers: []>", "newDescription": "<TopologyDescription id: 678149935cbe9cdc0fc79b72, topology_type: Unknown, servers: [<ServerDescription ('localhost', 27017) server_type: Unknown, rtt: None>]>", "message": "Topology description changed"}
2025-01-10 11:23:47,299 - DEBUG - {"topologyId": {"$oid": "678149935cbe9cdc0fc79b72"}, "serverHost": "localhost", "serverPort": 27017, "message": "Starting server monitoring"}
2025-01-10 11:23:47,299 - DEBUG - {"clientId": {"$oid": "678149935cbe9cdc0fc79b72"}, "message": "Connection pool created", "serverHost": "localhost", "serverPort": 27017}
2025-01-10 11:23:47,300 - INFO - Connected to MongoDB.
2025-01-10 11:23:47,300 - INFO - Starting date update process...
2025-01-10 11:23:47,301 - INFO - 
Fetching events missing dates...
2025-01-10 11:23:47,301 - DEBUG - {"message": "Server selection started", "selector": "Primary()", "operation": "find", "topologyDescription": "<TopologyDescription id: 678149935cbe9cdc0fc79b72, topology_type: Unknown, servers: [<ServerDescription ('localhost', 27017) server_type: Unknown, rtt: None>]>", "clientId": {"$oid": "678149935cbe9cdc0fc79b72"}}
2025-01-10 11:23:47,301 - DEBUG - {"message": "Waiting for suitable server to become available", "selector": "Primary()", "operation": "find", "topologyDescription": "<TopologyDescription id: 678149935cbe9cdc0fc79b72, topology_type: Unknown, servers: [<ServerDescription ('localhost', 27017) server_type: Unknown, rtt: None>]>", "clientId": {"$oid": "678149935cbe9cdc0fc79b72"}, "remainingTimeMS": 30}
2025-01-10 11:23:47,302 - DEBUG - {"topologyId": {"$oid": "678149935cbe9cdc0fc79b72"}, "driverConnectionId": 1, "serverHost": "localhost", "serverPort": 27017, "awaited": false, "message": "Server heartbeat started"}
2025-01-10 11:23:47,302 - DEBUG - {"topologyId": {"$oid": "678149935cbe9cdc0fc79b72"}, "driverConnectionId": 1, "serverConnectionId": 250, "serverHost": "localhost", "serverPort": 27017, "awaited": false, "durationMS": 0.0, "reply": "{\"helloOk\": true, \"ismaster\": true, \"topologyVersion\": {\"processId\": {\"$oid\": \"678019cbc52b798a62420730\"}}, \"maxBsonObjectSize\": 16777216, \"maxMessageSizeBytes\": 48000000, \"maxWriteBatchSize\": 100000, \"localTime\": {\"$date\": \"2025-01-10T16:23:47.303Z\"}, \"logicalSessionTimeoutMinutes\": 30, \"connectionId\": 250, \"maxWireVersion\": 25, \"ok\": 1.0}", "message": "Server heartbeat succeeded"}
2025-01-10 11:23:47,302 - DEBUG - {"clientId": {"$oid": "678149935cbe9cdc0fc79b72"}, "message": "Connection pool ready", "serverHost": "localhost", "serverPort": 27017}
2025-01-10 11:23:47,302 - DEBUG - {"topologyId": {"$oid": "678149935cbe9cdc0fc79b72"}, "previousDescription": "<TopologyDescription id: 678149935cbe9cdc0fc79b72, topology_type: Unknown, servers: [<ServerDescription ('localhost', 27017) server_type: Unknown, rtt: None>]>", "newDescription": "<TopologyDescription id: 678149935cbe9cdc0fc79b72, topology_type: Single, servers: [<ServerDescription ('localhost', 27017) server_type: Standalone, rtt: 0.0>]>", "message": "Topology description changed"}
2025-01-10 11:23:47,303 - DEBUG - {"message": "Server selection succeeded", "selector": "Primary()", "operation": "find", "topologyDescription": "<TopologyDescription id: 678149935cbe9cdc0fc79b72, topology_type: Single, servers: [<ServerDescription ('localhost', 27017) server_type: Standalone, rtt: 0.0>]>", "clientId": {"$oid": "678149935cbe9cdc0fc79b72"}, "serverHost": "localhost", "serverPort": 27017}
2025-01-10 11:23:47,303 - DEBUG - {"topologyId": {"$oid": "678149935cbe9cdc0fc79b72"}, "driverConnectionId": 1, "serverConnectionId": 250, "serverHost": "localhost", "serverPort": 27017, "awaited": true, "message": "Server heartbeat started"}
2025-01-10 11:23:47,303 - DEBUG - {"clientId": {"$oid": "678149935cbe9cdc0fc79b72"}, "message": "Connection checkout started", "serverHost": "localhost", "serverPort": 27017}
2025-01-10 11:23:47,303 - DEBUG - {"clientId": {"$oid": "678149935cbe9cdc0fc79b72"}, "message": "Connection created", "serverHost": "localhost", "serverPort": 27017, "driverConnectionId": 1}
2025-01-10 11:23:47,304 - DEBUG - {"clientId": {"$oid": "678149935cbe9cdc0fc79b72"}, "message": "Connection ready", "serverHost": "localhost", "serverPort": 27017, "driverConnectionId": 1, "durationMS": 0.0}
2025-01-10 11:23:47,304 - DEBUG - {"clientId": {"$oid": "678149935cbe9cdc0fc79b72"}, "message": "Connection checked out", "serverHost": "localhost", "serverPort": 27017, "driverConnectionId": 1, "durationMS": 0.0}
2025-01-10 11:23:47,304 - DEBUG - {"clientId": {"$oid": "678149935cbe9cdc0fc79b72"}, "message": "Command started", "command": "{\"find\": \"events\", \"lsid\": {\"id\": {\"$binary\": {\"base64\": \"S8P8MRy9TxiAK762z6eBvg==\", \"subType\": \"04\"}}}, \"$db\": \"events_db\"}", "commandName": "find", "databaseName": "events_db", "requestId": 18467, "operationId": 18467, "driverConnectionId": 1, "serverConnectionId": 252, "serverHost": "localhost", "serverPort": 27017}
2025-01-10 11:23:47,305 - DEBUG - {"clientId": {"$oid": "678149935cbe9cdc0fc79b72"}, "message": "Command succeeded", "durationMS": 0.9970000000000001, "reply": "{\"cursor\": {\"firstBatch\": [{\"_id\": {\"$oid\": \"67812033c52b798a62420d20\"}, \"name\": \"Asalha Puja\", \"category\": \"Buddhism\", \"created_at\": {\"$date\": \"2025-01-10T13:27:15.187Z\"}, \"image_url\": \"/images/asalha_puja.jpg\", \"last_updated\": {\"$date\": \"2025-01-10T13:27:15.187Z\"}}, {\"_id\": {\"$oid\": \"67812033c52b798a62420d23\"}, \"name\": \"Festival of Ksitigarbha (Jizo) Bodhisattva\", \"category\": \"Buddhism\", \"created_at\": {\"$date\": \"2025-01-10T13:27:15.188Z\"}, \"image_url\": \"/images/festival_of_ksitigarbha_(jizo)_bodhisattva.jpg\", \"last_updated\": {\"$date\": \"2025-01-10T13:27:15.188Z\"}}, {\"_id\": {\"$oid\": \"67812033c52b798a62420d24\"}, \"name\": \"Full Moon Days\", \"alternate_names\": [\"Uposatha\", \"Observance Days\", \"full moon days\", \"full moon\"], \"category\": \"Buddhism\", \"created_at\": {\"$date\": \"2025-01-10T13:27:15.188Z\"}, \"image_url\": \"/images/full_moon_days.jpg\", \"last_updated\": {\"$date\": \"2025-01-10T13:27:15.188Z\"}}, {\"_id\": {\"$oid\": \"67812033c52b798a62420d25\"}, \"name\": \"Magha Puja\", \"category\": \"Buddhism\", \"cre...", "commandName": "find", "databaseName": "events_db", "requestId": 18467, "operationId": 18467, "driverConnectionId": 1, "serverConnectionId": 252, "serverHost": "localhost", "serverPort": 27017}
2025-01-10 11:23:47,306 - DEBUG - {"clientId": {"$oid": "678149935cbe9cdc0fc79b72"}, "message": "Connection checked in", "serverHost": "localhost", "serverPort": 27017, "driverConnectionId": 1}
2025-01-10 11:23:47,306 - INFO - Found 46 events missing dates.
2025-01-10 11:23:47,306 - INFO - ====== WebDriver manager ======
2025-01-10 11:23:47,713 - INFO - Get LATEST chromedriver version for google-chrome
2025-01-10 11:23:47,714 - DEBUG - Starting new HTTPS connection (1): googlechromelabs.github.io:443
2025-01-10 11:23:47,734 - DEBUG - https://googlechromelabs.github.io:443 "GET /chrome-for-testing/latest-patch-versions-per-build.json HTTP/11" 200 9121
2025-01-10 11:23:47,735 - INFO - Get LATEST chromedriver version for google-chrome
2025-01-10 11:23:47,736 - DEBUG - Starting new HTTPS connection (1): googlechromelabs.github.io:443
2025-01-10 11:23:47,753 - DEBUG - https://googlechromelabs.github.io:443 "GET /chrome-for-testing/latest-patch-versions-per-build.json HTTP/11" 200 9121
2025-01-10 11:23:47,758 - INFO - Driver [C:\Users\Arnav\.wdm\drivers\chromedriver\win64\131.0.6778.264\chromedriver-win32/chromedriver.exe] found in cache
2025-01-10 11:23:47,758 - ERROR - 
Error during update process: WebDriver.__init__() got multiple values for argument 'options'
2025-01-10 11:23:47,758 - DEBUG - {"message": "Server selection started", "selector": "PrimaryPreferred(tag_sets=None, max_staleness=-1, hedge=None)", "operation": "endSessions", "topologyDescription": "<TopologyDescription id: 678149935cbe9cdc0fc79b72, topology_type: Single, servers: [<ServerDescription ('localhost', 27017) server_type: Standalone, rtt: 0.0>]>", "clientId": {"$oid": "678149935cbe9cdc0fc79b72"}}
2025-01-10 11:23:47,758 - DEBUG - {"message": "Server selection succeeded", "selector": "PrimaryPreferred(tag_sets=None, max_staleness=-1, hedge=None)", "operation": "endSessions", "topologyDescription": "<TopologyDescription id: 678149935cbe9cdc0fc79b72, topology_type: Single, servers: [<ServerDescription ('localhost', 27017) server_type: Standalone, rtt: 0.0>]>", "clientId": {"$oid": "678149935cbe9cdc0fc79b72"}, "serverHost": "localhost", "serverPort": 27017}
2025-01-10 11:23:47,759 - DEBUG - {"clientId": {"$oid": "678149935cbe9cdc0fc79b72"}, "message": "Connection checkout started", "serverHost": "localhost", "serverPort": 27017}
2025-01-10 11:23:47,759 - DEBUG - {"clientId": {"$oid": "678149935cbe9cdc0fc79b72"}, "message": "Connection checked out", "serverHost": "localhost", "serverPort": 27017, "driverConnectionId": 1, "durationMS": 0.0}
2025-01-10 11:23:47,759 - DEBUG - {"clientId": {"$oid": "678149935cbe9cdc0fc79b72"}, "message": "Command started", "command": "{\"endSessions\": [{\"id\": {\"$binary\": {\"base64\": \"S8P8MRy9TxiAK762z6eBvg==\", \"subType\": \"04\"}}}], \"$db\": \"admin\"}", "commandName": "endSessions", "databaseName": "admin", "requestId": 6334, "operationId": 6334, "driverConnectionId": 1, "serverConnectionId": 252, "serverHost": "localhost", "serverPort": 27017}
2025-01-10 11:23:47,759 - DEBUG - {"clientId": {"$oid": "678149935cbe9cdc0fc79b72"}, "message": "Command succeeded", "durationMS": 0.0, "reply": "{\"ok\": 1.0}", "commandName": "endSessions", "databaseName": "admin", "requestId": 6334, "operationId": 6334, "driverConnectionId": 1, "serverConnectionId": 252, "serverHost": "localhost", "serverPort": 27017}
2025-01-10 11:23:47,759 - DEBUG - {"clientId": {"$oid": "678149935cbe9cdc0fc79b72"}, "message": "Connection checked in", "serverHost": "localhost", "serverPort": 27017, "driverConnectionId": 1}
2025-01-10 11:23:47,760 - DEBUG - {"topologyId": {"$oid": "678149935cbe9cdc0fc79b72"}, "serverHost": "localhost", "serverPort": 27017, "message": "Stopped server monitoring"}
2025-01-10 11:23:47,760 - DEBUG - {"clientId": {"$oid": "678149935cbe9cdc0fc79b72"}, "message": "Connection closed", "serverHost": "localhost", "serverPort": 27017, "driverConnectionId": 1, "reason": "Connection pool was closed", "error": "poolClosed"}
2025-01-10 11:23:47,760 - DEBUG - {"clientId": {"$oid": "678149935cbe9cdc0fc79b72"}, "message": "Connection pool closed", "serverHost": "localhost", "serverPort": 27017}
2025-01-10 11:23:47,760 - DEBUG - {"topologyId": {"$oid": "678149935cbe9cdc0fc79b72"}, "previousDescription": "<TopologyDescription id: 678149935cbe9cdc0fc79b72, topology_type: Single, servers: [<ServerDescription ('localhost', 27017) server_type: Standalone, rtt: 0.0>]>", "newDescription": "<TopologyDescription id: 678149935cbe9cdc0fc79b72, topology_type: Single, servers: [<ServerDescription ('localhost', 27017) server_type: Unknown, rtt: None>]>", "message": "Topology description changed"}
2025-01-10 11:23:47,760 - DEBUG - {"topologyId": {"$oid": "678149935cbe9cdc0fc79b72"}, "message": "Stopped topology monitoring"}
2025-01-10 11:23:47,760 - INFO - 
Database connection closed.
2025-01-10 11:23:47,804 - DEBUG - {"topologyId": {"$oid": "678149935cbe9cdc0fc79b72"}, "serverHost": "localhost", "serverPort": 27017, "awaited": true, "durationMS": 500.0, "failure": "\"_OperationCancelled('operation cancelled')\"", "message": "Server heartbeat failed"}
